<?xml version="1.0" encoding="UTF-8"?>
<!-- Generated by org.testng.reporters.JUnitReportReporter -->
<testsuite hostname="XIPL0056" name="com.employee.EmployeeNameTest" tests="1" failures="0" timestamp="11 Mar 2013 06:59:47 GMT" time="0.009" errors="0">
  <testcase name="sortEmployeeByName" time="0.009" classname="com.employee.EmployeeNameTest"/>
</testsuite> <!-- com.employee.EmployeeNameTest -->
